ADD: 1186
AND: 413
BSF: 22
BSR: 4
BT: 3
CALL_NEAR: 685
CDQE: 8
CMOVB: 10
CMOVBE: 8
CMOVL: 1
CMOVNB: 7
CMOVNBE: 7
CMOVNL: 1
CMOVNLE: 1
CMOVNZ: 18
CMOVS: 3
CMOVZ: 23
CMP: 1539
CMPSB: 3
CMPXCHG: 35
CPUID: 18
DEC: 39
DIV: 27
IDIV: 2
IMUL: 32
INC: 62
JB: 68
JBE: 182
JL: 2
JLE: 52
JMP: 653
JNB: 109
JNBE: 158
JNL: 10
JNLE: 30
JNS: 6
JNZ: 1050
JS: 31
JZ: 1531
LDDQU: 4
LEA: 1218
LEAVE: 4
MOV: 7624
MOVD: 5
MOVDQA: 48
MOVDQU: 13
MOVHPD: 4
MOVLPD: 4
MOVQ: 1
MOVSX: 19
MOVSXD: 92
MOVZX: 331
MUL: 4
NEG: 37
NOP: 187
NOT: 17
OR: 149
PCMPEQB: 54
PCMPISTRI: 8
PINSRB: 1
PMOVMSKB: 46
POP: 840
POR: 3
PSHUFD: 6
PSLLDQ: 6
PSRLDQ: 4
PSUBB: 8
PUNPCKLBW: 12
PUSH: 644
PXOR: 27
RDTSC: 22
RET_NEAR: 467
ROL: 11
ROR: 15
SAR: 54
SBB: 11
SETB: 6
SETBE: 1
SETNZ: 26
SETS: 3
SETZ: 29
SHL: 181
SHR: 148
STOSQ: 11
SUB: 595
SYSCALL: 37
TEST: 1482
XCHG: 16
XGETBV: 2
XOR: 527
Count 435336
Our Count: 23103
